[LOG] System::create                           : Header version = 1.10.10. Current version = 1.10.10.
[LOG] Manager::init                            : maxchannels = 256 studioflags = 00000006 flags 00000000 extradriverdata 0000000000000000.
[LOG] SystemI::init                            : Initialize version=11010 (98815), maxchannels=256, flags=0x00020000
[LOG] SystemI::setOutputInternal               : Setting output to 'FMOD WASAPI Output'
[LOG] OutputWASAPI::init                       : Mix Format (WAVEFORMATEX): wFormatTag=0xFFFE, nChannels=2, nSamplesPerSec=48000, nAvgBytesPerSec=384000, nBlockAlign=8, wBitsPerSample=32, cbSize=22.
[LOG] OutputWASAPI::init                       : Mix Format (WAVEFORMATEXTENSIBLE): wValidBitsPerSample=32, dwChannelMask=0x00000003, SubFormat=00000003-0000-0010-8000-00AA00389B71.
[LOG] OutputWASAPI::init                       : Output buffer size: 4096 samples, latency: 0.00ms, period: 10.00ms, DSP buffer: 1024 * 4
[LOG] Thread::initThread                       : Init FMOD stream thread. Priority: 2, Stack Size: 65536, Semaphore: No, Sleep Time: 10, Looping: Yes.
[LOG] Thread::initThread                       : Init FMOD mixer thread. Priority: 3, Stack Size: 49152, Semaphore: No, Sleep Time: 0, Looping: Yes.
[LOG] AsyncManager::init                       : manager 000000005807D2B8 isAsync 0 updatePeriod 0.02
[LOG] AsyncManager::init                       : done
[LOG] PlaybackSystem::init                     : 
[LOG] Thread::initThread                       : Init FMOD Studio sample load thread. Priority: 0, Stack Size: 65536, Semaphore: No, Sleep Time: 1, Looping: No.
[LOG] PlaybackSystem::init                     : done
[LOG] Thread::initThread                       : Init FMOD Studio bank load thread. Priority: 0, Stack Size: 65536, Semaphore: No, Sleep Time: 1, Looping: No.
[LOG] Manager::init                            : done.
[LOG] Manager::readBank                        : fileversion = 100, compatVersion = 99 (oldest = 44, newest = 103)
[LOG] Manager::readBank                        : fileversion = 100, compatVersion = 99 (oldest = 44, newest = 103)
[LOG] SystemI::createSoundInternal             : Create name='', mode=0x02000202
[LOG] SystemI::createSoundInternal             : exinfo->cbsize             = 232
[LOG] SystemI::createSoundInternal             : exinfo->length             = 452352
[LOG] SystemI::createSoundInternal             : exinfo->fileoffset         = 20256
[LOG] SystemI::createSoundInternal             : exinfo->numsubsounds       = 1
[LOG] SystemI::createSoundInternal             : exinfo->inclusionlist      = 000000006E77F5FC
[LOG] SystemI::createSoundInternal             : exinfo->inclusionlistnum   = 1
[LOG] SystemI::createSoundInternal             : exinfo->suggestedsoundtype = 5
[LOG] SystemI::createSoundInternal             : exinfo->useropen           = 00007FFE7D491100
[LOG] SystemI::createSoundInternal             : exinfo->userclose          = 00007FFE7D4910D0
[LOG] SystemI::createSoundInternal             : exinfo->userread           = 00007FFE7D4911D0
[LOG] SystemI::createSoundInternal             : exinfo->userseek           = 00007FFE7D491290
[LOG] SystemI::createSoundInternal             : exinfo->fileuserdata       = 0000000057ABF988
[LOG] SystemI::createSoundInternal             : exinfo->initialseekpostype = 1
[LOG] SystemI::DSPCodecPoolRegister            : register codec pool for pool type 5
[LOG] SystemI::createSoundInternal             : Sample 0/1: name='Explosion', format=2, channels=2, frequency=48000, lengthbytes=54624, lengthpcm=301384, pcmblocksize=0, loopstart=0, loopend=300460, mode=0x00000000, channelmask=0x00000000, channelorder=0, peakvolume=0.999939.
[LOG] SystemI::createSoundInternal             : Create name='', mode=0x02000202
[LOG] SystemI::createSoundInternal             : exinfo->cbsize             = 232
[LOG] SystemI::createSoundInternal             : exinfo->length             = 452352
[LOG] SystemI::createSoundInternal             : exinfo->fileoffset         = 20256
[LOG] SystemI::createSoundInternal             : exinfo->numsubsounds       = 1
[LOG] SystemI::createSoundInternal             : exinfo->inclusionlist      = 000000006E77F5FC
[LOG] SystemI::createSoundInternal             : exinfo->inclusionlistnum   = 1
[LOG] SystemI::createSoundInternal             : exinfo->suggestedsoundtype = 5
[LOG] SystemI::createSoundInternal             : exinfo->useropen           = 00007FFE7D491100
[LOG] SystemI::createSoundInternal             : exinfo->userclose          = 00007FFE7D4910D0
[LOG] SystemI::createSoundInternal             : exinfo->userread           = 00007FFE7D4911D0
[LOG] SystemI::createSoundInternal             : exinfo->userseek           = 00007FFE7D491290
[LOG] SystemI::createSoundInternal             : exinfo->fileuserdata       = 0000000057ABF988
[LOG] SystemI::createSoundInternal             : exinfo->initialseekpostype = 1
[LOG] SystemI::DSPCodecPoolRegister            : register codec pool for pool type 5
[LOG] SystemI::createSoundInternal             : Sample 0/1: name='BarrelhitTemp', format=2, channels=2, frequency=48000, lengthbytes=213824, lengthpcm=930000, pcmblocksize=0, loopstart=0, loopend=929075, mode=0x00000000, channelmask=0x00000000, channelorder=0, peakvolume=0.999969.
[LOG] SystemI::createSoundInternal             : Create name='', mode=0x02000202
[LOG] SystemI::createSoundInternal             : exinfo->cbsize             = 232
[LOG] SystemI::createSoundInternal             : exinfo->length             = 452352
[LOG] SystemI::createSoundInternal             : exinfo->fileoffset         = 20256
[LOG] SystemI::createSoundInternal             : exinfo->numsubsounds       = 1
[LOG] SystemI::createSoundInternal             : exinfo->inclusionlist      = 000000006E77F5FC
[LOG] SystemI::createSoundInternal             : exinfo->inclusionlistnum   = 1
[LOG] SystemI::createSoundInternal             : exinfo->suggestedsoundtype = 5
[LOG] SystemI::createSoundInternal             : exinfo->useropen           = 00007FFE7D491100
[LOG] SystemI::createSoundInternal             : exinfo->userclose          = 00007FFE7D4910D0
[LOG] SystemI::createSoundInternal             : exinfo->userread           = 00007FFE7D4911D0
[LOG] SystemI::createSoundInternal             : exinfo->userseek           = 00007FFE7D491290
[LOG] SystemI::createSoundInternal             : exinfo->fileuserdata       = 0000000057ABF988
[LOG] SystemI::createSoundInternal             : exinfo->initialseekpostype = 1
[LOG] SystemI::DSPCodecPoolRegister            : register codec pool for pool type 5
[LOG] SystemI::createSoundInternal             : Sample 0/1: name='SplashTemp', format=2, channels=2, frequency=48000, lengthbytes=48544, lengthpcm=167683, pcmblocksize=0, loopstart=0, loopend=0, mode=0x00000000, channelmask=0x00000000, channelorder=0, peakvolume=0.627286.
[LOG] Manager::readBank                        : fileversion = 100, compatVersion = 99 (oldest = 44, newest = 103)
[WRN] AsyncCommandBuffer::growBuffer           : Growing command buffer to 2102374890 bytes. Initial command buffer size can be tuned to avoid dynamic growth using Studio::System::setAdvancedSettings()
[WRN] AsyncCommandBuffer::growBuffer           : Growing command buffer to 2102374890 bytes. Initial command buffer size can be tuned to avoid dynamic growth using Studio::System::setAdvancedSettings()
[LOG] Manager::readBank                        : fileversion = 100, compatVersion = 99 (oldest = 44, newest = 103)
[LOG] Manager::readBank                        : fileversion = 100, compatVersion = 99 (oldest = 44, newest = 103)
[LOG] Manager::readBank                        : fileversion = 100, compatVersion = 99 (oldest = 44, newest = 103)
[LOG] Manager::readBank                        : fileversion = 100, compatVersion = 99 (oldest = 44, newest = 103)
[LOG] PlaybackSystem::acquireMasterBus         : Setting master channel group format to 6
[LOG] Manager::readBank                        : fileversion = 100, compatVersion = 99 (oldest = 44, newest = 103)
[LOG] SoundI::release                          :  (00000000640C0A38)
[LOG] SoundI::release                          :     BarrelhitTemp (000000004EF12408)
[LOG] SoundI::release                          :  (00000000640BFD48)
[LOG] SoundI::release                          :     WaveAmbianceTemp (000000005807AEC8)
[LOG] SoundI::release                          :  (00000000640C1B78)
[LOG] SoundI::release                          :     WindTemp (000000005807BA28)
[LOG] SoundI::release                          :  (00000000640C39A8)
[LOG] SoundI::release                          :     Explosion (000000004EF120C8)
[LOG] SoundI::release                          :  (00000000640C2588)
[LOG] SoundI::release                          :     SplashTemp (000000004EF10BA8)
[LOG] SoundI::release                          :  (00000000640C1E58)
[LOG] SoundI::release                          :     BalloonhitTemp (000000005807B548)
[LOG] SoundI::release                          :  (00000000640C1CE8)
[LOG] SoundI::release                          :     BurnerTemp (000000005807B068)
[LOG] SoundI::release                          :  (00000000640C1168)
[LOG] SoundI::release                          :     Creak3Temp (0000000058078968)
[LOG] SoundI::release                          :  (00000000640C0198)
[LOG] SoundI::release                          :     Creak1Temp (000000005807AB88)
[LOG] SoundI::release                          :  (00000000640C2418)
[LOG] SoundI::release                          :     Creak2Temp (000000005807AD28)
[LOG] Thread::callback                         : FMOD Studio update thread finished.
[LOG] Thread::callback                         : FMOD Studio bank load thread finished.
[LOG] Profile::disconnectAll                   : Profiler disconnecting all clients
[LOG] Thread::callback                         : FMOD Studio sample load thread finished.
[LOG] LiveUpdate::release                      : 
[LOG] LiveUpdate::reset                        : Reset connection (reason Disconnected)
[LOG] Thread::callback                         : FMOD stream thread finished.
[LOG] Thread::callback                         : FMOD mixer thread finished.
[LOG] Profile::disconnectAll                   : Profiler disconnecting all clients
[LOG] SystemI::close                           : Closed.
[LOG] Manager::readBank                        : fileversion = 100, compatVersion = 99 (oldest = 44, newest = 103)
[LOG] Manager::readBank                        : fileversion = 100, compatVersion = 99 (oldest = 44, newest = 103)
[LOG] Manager::readBank                        : fileversion = 100, compatVersion = 99 (oldest = 44, newest = 103)
[LOG] Manager::readBank                        : fileversion = 100, compatVersion = 99 (oldest = 44, newest = 103)
[LOG] Manager::readBank                        : fileversion = 100, compatVersion = 99 (oldest = 44, newest = 103)
[LOG] Manager::readBank                        : fileversion = 100, compatVersion = 99 (oldest = 44, newest = 103)
[LOG] Manager::readBank                        : fileversion = 100, compatVersion = 99 (oldest = 44, newest = 103)
[LOG] PlaybackSystem::acquireMasterBus         : Setting master channel group format to 6
[LOG] Manager::readBank                        : fileversion = 100, compatVersion = 99 (oldest = 44, newest = 103)
[LOG] Thread::callback                         : FMOD Studio bank load thread finished.
[LOG] Thread::callback                         : FMOD Studio sample load thread finished.
[LOG] LiveUpdate::release                      : 
[LOG] LiveUpdate::reset                        : Reset connection (reason Disconnected)
[LOG] Thread::callback                         : FMOD stream thread finished.
[LOG] Thread::callback                         : FMOD mixer thread finished.
[LOG] SystemI::close                           : Closed.
